2019-01-30 17:44:12,186 INFO o.a.j.u.JMeterUtils: Setting Locale to fr_FR
2019-01-30 17:44:12,207 INFO o.a.j.u.JMeterUtils: Could not find resources for 'fr_FR', using 'fr'
2019-01-30 17:44:12,208 INFO o.a.j.JMeter: Loading user properties from: D:\apache-jmeter-5.0\apache-jmeter-5.0\bin\user.properties
2019-01-30 17:44:12,208 INFO o.a.j.JMeter: Loading system properties from: D:\apache-jmeter-5.0\apache-jmeter-5.0\bin\system.properties
2019-01-30 17:44:12,209 INFO o.a.j.JMeter: Loading additional properties from: C:/Users/samyl/Desktop/ProjetsFILA1/Qualité_Tests/Camix_Java-v0.4/jmeter/properties/user.properties
2019-01-30 17:44:12,213 INFO o.a.j.JMeter: Copyright (c) 1998-2018 The Apache Software Foundation
2019-01-30 17:44:12,213 INFO o.a.j.JMeter: Version 5.0 r1840935
2019-01-30 17:44:12,213 INFO o.a.j.JMeter: java.version=1.8.0_152-release
2019-01-30 17:44:12,213 INFO o.a.j.JMeter: java.vm.name=OpenJDK 64-Bit Server VM
2019-01-30 17:44:12,213 INFO o.a.j.JMeter: os.name=Windows 10
2019-01-30 17:44:12,213 INFO o.a.j.JMeter: os.arch=amd64
2019-01-30 17:44:12,213 INFO o.a.j.JMeter: os.version=10.0
2019-01-30 17:44:12,213 INFO o.a.j.JMeter: file.encoding=windows-1252
2019-01-30 17:44:12,213 INFO o.a.j.JMeter: Max memory     =1881145344
2019-01-30 17:44:12,213 INFO o.a.j.JMeter: Available Processors =8
2019-01-30 17:44:12,216 INFO o.a.j.JMeter: Default Locale=français (France)
2019-01-30 17:44:12,220 INFO o.a.j.JMeter: JMeter  Locale=français (France)
2019-01-30 17:44:12,220 INFO o.a.j.JMeter: JMeterHome=D:\apache-jmeter-5.0\apache-jmeter-5.0
2019-01-30 17:44:12,220 INFO o.a.j.JMeter: user.dir  =C:\Users\samyl\Desktop\ProjetsFILA1\Qualité_Tests\Camix_Java-v0.4
2019-01-30 17:44:12,220 INFO o.a.j.JMeter: PWD       =C:\Users\samyl\Desktop\ProjetsFILA1\Qualité_Tests\Camix_Java-v0.4
2019-01-30 17:44:12,222 INFO o.a.j.JMeter: IP: 172.16.121.5 Name: LAPTOP-FB5MMQAK FullName: 172.16.121.5
2019-01-30 17:44:12,222 INFO o.a.j.JMeter: search_paths=./target/classes
2019-01-30 17:44:12,222 INFO o.a.j.JMeter: Adding to classpath and loader: ./target/classes
2019-01-30 17:44:12,383 INFO o.a.j.g.a.LookAndFeelCommand: Installing Darcula LAF
2019-01-30 17:44:12,397 INFO o.a.j.g.a.LookAndFeelCommand: Using look and feel: com.bulenkov.darcula.DarculaLaf [Darcula]
2019-01-30 17:44:12,398 INFO o.a.j.JMeter: Setting LAF to: com.bulenkov.darcula.DarculaLaf
2019-01-30 17:44:12,454 INFO o.a.j.JMeter: Loaded icon properties from org/apache/jmeter/images/icon.properties
2019-01-30 17:44:12,940 INFO o.a.j.e.u.CompoundVariable: Note: Function class names must contain the string: '.functions.'
2019-01-30 17:44:12,940 INFO o.a.j.e.u.CompoundVariable: Note: Function class names must not contain the string: '.gui.'
2019-01-30 17:44:13,702 INFO o.a.j.JMeter: Loading file: C:\Users\samyl\Desktop\ProjetsFILA1\Qualité_Tests\Camix_Java-v0.4\jmeter\plan_test-ex0-hello.jmx
2019-01-30 17:44:13,706 INFO o.a.j.s.FileServer: Default base='C:\Users\samyl\Desktop\ProjetsFILA1\Qualité_Tests\Camix_Java-v0.4'
2019-01-30 17:44:13,708 INFO o.a.j.s.FileServer: Set new base='C:\Users\samyl\Desktop\ProjetsFILA1\Qualité_Tests\Camix_Java-v0.4\jmeter'
2019-01-30 17:44:14,002 INFO o.a.j.s.SaveService: Testplan (JMX) version: 2.2. Testlog (JTL) version: 2.2
2019-01-30 17:44:14,020 INFO o.a.j.s.SaveService: Using SaveService properties file encoding UTF-8
2019-01-30 17:44:14,020 INFO o.a.j.s.SaveService: Using SaveService properties version 5.0
2019-01-30 17:44:14,025 INFO o.a.j.s.SaveService: Loading file: C:\Users\samyl\Desktop\ProjetsFILA1\Qualité_Tests\Camix_Java-v0.4\jmeter\plan_test-ex0-hello.jmx
2019-01-30 17:44:14,076 INFO o.a.j.s.FileServer: Set new base='C:\Users\samyl\Desktop\ProjetsFILA1\Qualité_Tests\Camix_Java-v0.4\jmeter'
2019-01-30 17:44:14,184 INFO o.a.j.s.SampleResult: Note: Sample TimeStamps are START times
2019-01-30 17:44:14,184 INFO o.a.j.s.SampleResult: sampleresult.default.encoding is set to ISO-8859-1
2019-01-30 17:44:14,184 INFO o.a.j.s.SampleResult: sampleresult.useNanoTime=true
2019-01-30 17:44:14,185 INFO o.a.j.s.SampleResult: sampleresult.nanoThreadSleep=5000
2019-01-30 17:44:14,842 INFO o.a.j.p.h.s.HTTPSamplerBase: Parser for text/html is org.apache.jmeter.protocol.http.parser.LagartoBasedHtmlParser
2019-01-30 17:44:14,842 INFO o.a.j.p.h.s.HTTPSamplerBase: Parser for application/xhtml+xml is org.apache.jmeter.protocol.http.parser.LagartoBasedHtmlParser
2019-01-30 17:44:14,842 INFO o.a.j.p.h.s.HTTPSamplerBase: Parser for application/xml is org.apache.jmeter.protocol.http.parser.LagartoBasedHtmlParser
2019-01-30 17:44:14,842 INFO o.a.j.p.h.s.HTTPSamplerBase: Parser for text/xml is org.apache.jmeter.protocol.http.parser.LagartoBasedHtmlParser
2019-01-30 17:44:14,842 INFO o.a.j.p.h.s.HTTPSamplerBase: Parser for text/vnd.wap.wml is org.apache.jmeter.protocol.http.parser.RegexpHTMLParser
2019-01-30 17:44:14,842 INFO o.a.j.p.h.s.HTTPSamplerBase: Parser for text/css is org.apache.jmeter.protocol.http.parser.CssParser
2019-01-30 17:44:15,218 INFO o.a.j.e.KeyToolUtils: keytool found at 'keytool'
2019-01-30 17:44:15,222 INFO o.a.j.p.h.p.ProxyControl: HTTP(S) Test Script Recorder SSL Proxy will use keys that support embedded 3rd party resources in file D:\apache-jmeter-5.0\apache-jmeter-5.0\bin\proxyserver.jks
2019-01-30 17:44:19,656 INFO o.a.j.e.StandardJMeterEngine: Running the test!
2019-01-30 17:44:19,656 INFO o.a.j.s.SampleEvent: List of sample_variables: []
2019-01-30 17:44:19,656 INFO o.a.j.s.SampleEvent: List of sample_variables: []
2019-01-30 17:44:19,662 INFO o.a.j.g.u.JMeterMenuBar: setRunning(true, *local*)
2019-01-30 17:44:19,798 INFO o.a.j.e.StandardJMeterEngine: Starting ThreadGroup: 1 : Groupe d'unités de tests : ex. DT avec variables
2019-01-30 17:44:19,798 INFO o.a.j.e.StandardJMeterEngine: Starting 1 threads for group Groupe d'unités de tests : ex. DT avec variables.
2019-01-30 17:44:19,799 INFO o.a.j.e.StandardJMeterEngine: Thread will continue on error
2019-01-30 17:44:19,799 INFO o.a.j.t.ThreadGroup: Starting thread group... number=1 threads=1 ramp-up=1 perThread=1000.0 delayedStart=false
2019-01-30 17:44:19,803 INFO o.a.j.t.ThreadGroup: Started thread group number 1
2019-01-30 17:44:19,803 INFO o.a.j.e.StandardJMeterEngine: All thread groups have been started
2019-01-30 17:44:19,805 INFO o.a.j.t.JMeterThread: Thread started: Groupe d'unités de tests : ex. DT avec variables 1-1
2019-01-30 17:44:20,848 INFO o.a.j.t.JMeterThread: Thread is done: Groupe d'unités de tests : ex. DT avec variables 1-1
2019-01-30 17:44:20,848 INFO o.a.j.t.JMeterThread: Thread finished: Groupe d'unités de tests : ex. DT avec variables 1-1
2019-01-30 17:44:20,850 INFO o.a.j.e.StandardJMeterEngine: Notifying test listeners of end of test
2019-01-30 17:44:20,852 INFO o.a.j.g.u.JMeterMenuBar: setRunning(false, *local*)
2019-01-30 17:46:58,557 INFO o.a.j.e.StandardJMeterEngine: Running the test!
2019-01-30 17:46:58,558 INFO o.a.j.s.SampleEvent: List of sample_variables: []
2019-01-30 17:46:58,564 INFO o.a.j.g.u.JMeterMenuBar: setRunning(true, *local*)
2019-01-30 17:46:58,832 INFO o.a.j.e.StandardJMeterEngine: Starting ThreadGroup: 1 : Groupe d'unités de tests : ex. DT avec variables
2019-01-30 17:46:58,832 INFO o.a.j.e.StandardJMeterEngine: Starting 1 threads for group Groupe d'unités de tests : ex. DT avec variables.
2019-01-30 17:46:58,832 INFO o.a.j.e.StandardJMeterEngine: Thread will continue on error
2019-01-30 17:46:58,833 INFO o.a.j.t.ThreadGroup: Starting thread group... number=1 threads=1 ramp-up=1 perThread=1000.0 delayedStart=false
2019-01-30 17:46:58,833 INFO o.a.j.t.ThreadGroup: Started thread group number 1
2019-01-30 17:46:58,833 INFO o.a.j.e.StandardJMeterEngine: All thread groups have been started
2019-01-30 17:46:58,834 INFO o.a.j.t.JMeterThread: Thread started: Groupe d'unités de tests : ex. DT avec variables 1-1
2019-01-30 17:46:59,842 INFO o.a.j.t.JMeterThread: Thread is done: Groupe d'unités de tests : ex. DT avec variables 1-1
2019-01-30 17:46:59,842 INFO o.a.j.t.JMeterThread: Thread finished: Groupe d'unités de tests : ex. DT avec variables 1-1
2019-01-30 17:46:59,844 INFO o.a.j.e.StandardJMeterEngine: Notifying test listeners of end of test
2019-01-30 17:46:59,844 INFO o.a.j.g.u.JMeterMenuBar: setRunning(false, *local*)
